<?xml version="1.0" encoding="UTF-8"?>
<!-- Generated by org.testng.reporters.JUnitReportReporter -->
<testsuite hostname="SREE" failures="0" tests="1" name="tutorialsninja.register.TC_RF_001" time="5.392" errors="0" timestamp="2025-05-08T21:39:15 IST" skipped="0">
  <testcase classname="tutorialsninja.register.TC_RF_001" name="verifyRegisteringWithMandatoryFields" time="5.392"/>
</testsuite> <!-- tutorialsninja.register.TC_RF_001 -->
