<?xml version="1.0" encoding="UTF-8"?>
<!-- Generated by org.testng.reporters.JUnitReportReporter -->
<testsuite hostname="SREE" failures="0" tests="1" name="tutorialsninja.register.TC_RF_006" time="6.067" errors="0" timestamp="2025-05-11T11:05:49 IST" skipped="0">
  <testcase classname="tutorialsninja.register.TC_RF_006" name="verifyRegisteringAccountWithnotoNwesletter" time="6.067"/>
</testsuite> <!-- tutorialsninja.register.TC_RF_006 -->
