<?xml version="1.0" encoding="UTF-8"?>
<!-- Generated by org.testng.reporters.JUnitReportReporter -->
<testsuite hostname="SREE" failures="0" tests="1" name="tutorialsninja.register.TC_RF_003" time="5.520" errors="0" timestamp="2025-05-10T15:13:46 IST" skipped="0">
  <testcase classname="tutorialsninja.register.TC_RF_003" name="verifyRegisterAccountWithAllFields" time="5.520"/>
</testsuite> <!-- tutorialsninja.register.TC_RF_003 -->
