<?xml version="1.0" encoding="UTF-8"?>
<!-- Generated by org.testng.reporters.JUnitReportReporter -->
<testsuite hostname="SREE" failures="0" tests="1" name="tutorialsninja.register.TC_RF_009" time="4.572" errors="0" timestamp="2025-05-11T11:52:54 IST" skipped="0">
  <testcase classname="tutorialsninja.register.TC_RF_009" name="verifyRegisterAccountWithAllFields1" time="4.572"/>
</testsuite> <!-- tutorialsninja.register.TC_RF_009 -->
