<?xml version="1.0" encoding="UTF-8"?>
<!-- Generated by org.testng.reporters.JUnitReportReporter -->
<testsuite hostname="SREE" failures="0" tests="1" name="tutorialsninja.register.TC_RF_005" time="5.714" errors="0" timestamp="2025-05-11T10:59:45 IST" skipped="0">
  <testcase classname="tutorialsninja.register.TC_RF_005" name="verifyRegisteringAccountWithyestoNwesletter" time="5.714"/>
</testsuite> <!-- tutorialsninja.register.TC_RF_005 -->
