<?xml version="1.0" encoding="UTF-8"?>
<!-- Generated by org.testng.reporters.JUnitReportReporter -->
<testsuite hostname="SREE" failures="0" tests="1" name="tutorialsninja.register.TC_RF_007" time="5.058" errors="0" timestamp="2025-05-11T11:24:18 IST" skipped="0">
  <testcase classname="tutorialsninja.register.TC_RF_007" name="differentWaysofRegisterNavigatingPage" time="5.058"/>
</testsuite> <!-- tutorialsninja.register.TC_RF_007 -->
