<?xml version="1.0" encoding="UTF-8"?>
<!-- Generated by org.testng.reporters.JUnitReportReporter -->
<testsuite hostname="SREE" failures="0" tests="1" name="tutorialsninja.register.TC_RF_008" time="5.173" errors="0" timestamp="2025-05-11T11:43:43 IST" skipped="0">
  <testcase classname="tutorialsninja.register.TC_RF_008" name="differentPasswordsentering" time="5.173"/>
</testsuite> <!-- tutorialsninja.register.TC_RF_008 -->
