<?xml version="1.0" encoding="UTF-8"?>
<!-- Generated by org.testng.reporters.JUnitReportReporter -->
<testsuite hostname="SREE" failures="0" tests="1" name="tutorialsninja.register.TC_RF_012" time="22.792" errors="0" timestamp="2025-05-12T15:44:55 IST" skipped="0">
  <testcase classname="tutorialsninja.register.TC_RF_012" name="keyboardKeys" time="22.792"/>
</testsuite> <!-- tutorialsninja.register.TC_RF_012 -->
