<?xml version="1.0" encoding="UTF-8"?>
<!-- Generated by org.testng.reporters.JUnitReportReporter -->
<testsuite hostname="SREE" failures="0" tests="1" name="tutorialsninja.register.TC_RF_010" time="23.454" errors="0" timestamp="2025-05-12T14:00:07 IST" skipped="0">
  <testcase classname="tutorialsninja.register.TC_RF_010" name="verifyRegisterAccountWithAllFields1" time="23.454"/>
</testsuite> <!-- tutorialsninja.register.TC_RF_010 -->
