<?xml version="1.0" encoding="UTF-8"?>
<!-- Generated by org.testng.reporters.JUnitReportReporter -->
<testsuite hostname="SREE" failures="0" tests="1" name="tutorialsninja.register.TC_RF_004" time="5.448" errors="0" timestamp="2025-05-11T10:41:31 IST" skipped="0">
  <testcase classname="tutorialsninja.register.TC_RF_004" name="verifyRegisteringAccountWithoutFillFields" time="5.448"/>
</testsuite> <!-- tutorialsninja.register.TC_RF_004 -->
